  main.cpp
D:\Programming Learn\BoardGame2\BoardGame2\main.cpp(34,58): warning C4244: 'argument': conversion from 'int' to 'float', possible loss of data
D:\Programming Learn\BoardGame2\BoardGame2\main.cpp(34,48): warning C4244: 'argument': conversion from 'int' to 'float', possible loss of data
D:\Programming Learn\BoardGame2\BoardGame2\main.cpp(36,60): warning C4244: 'argument': conversion from 'int' to 'float', possible loss of data
D:\Programming Learn\BoardGame2\BoardGame2\main.cpp(36,48): warning C4244: 'argument': conversion from 'int' to 'float', possible loss of data
D:\Programming Learn\BoardGame2\BoardGame2\main.cpp(41,58): warning C4244: 'argument': conversion from 'int' to 'float', possible loss of data
D:\Programming Learn\BoardGame2\BoardGame2\main.cpp(41,48): warning C4244: 'argument': conversion from 'int' to 'float', possible loss of data
D:\Programming Learn\BoardGame2\BoardGame2\main.cpp(43,60): warning C4244: 'argument': conversion from 'int' to 'float', possible loss of data
D:\Programming Learn\BoardGame2\BoardGame2\main.cpp(43,48): warning C4244: 'argument': conversion from 'int' to 'float', possible loss of data
D:\Programming Learn\BoardGame2\BoardGame2\main.cpp(70,30): warning C4244: 'argument': conversion from 'int' to 'float', possible loss of data
D:\Programming Learn\BoardGame2\BoardGame2\main.cpp(70,27): warning C4244: 'argument': conversion from 'int' to 'float', possible loss of data
D:\Programming Learn\BoardGame2\BoardGame2\main.cpp(81,57): warning C4805: '==': unsafe mix of type 'sf::Keyboard::Key' and type 'bool' in operation
D:\Programming Learn\BoardGame2\BoardGame2\main.cpp(82,59): warning C4244: 'argument': conversion from 'int' to 'T', possible loss of data
          with
          [
              T=float
          ]
D:\Programming Learn\BoardGame2\BoardGame2\main.cpp(82,50): warning C4244: 'argument': conversion from 'int' to 'T', possible loss of data
          with
          [
              T=float
          ]
D:\Programming Learn\BoardGame2\BoardGame2\main.cpp(105,39): warning C4244: 'argument': conversion from 'int' to 'T', possible loss of data
          with
          [
              T=float
          ]
D:\Programming Learn\BoardGame2\BoardGame2\main.cpp(105,34): warning C4244: 'argument': conversion from 'int' to 'T', possible loss of data
          with
          [
              T=float
          ]
D:\Programming Learn\BoardGame2\BoardGame2\main.cpp(108,40): warning C4244: 'argument': conversion from 'int' to 'float', possible loss of data
D:\Programming Learn\BoardGame2\BoardGame2\main.cpp(108,35): warning C4244: 'argument': conversion from 'int' to 'float', possible loss of data
D:\Programming Learn\BoardGame2\BoardGame2\main.cpp(116,43): warning C4244: 'argument': conversion from 'int' to 'T', possible loss of data
          with
          [
              T=float
          ]
D:\Programming Learn\BoardGame2\BoardGame2\main.cpp(116,38): warning C4244: 'argument': conversion from 'int' to 'T', possible loss of data
          with
          [
              T=float
          ]
D:\Programming Learn\BoardGame2\BoardGame2\main.cpp(119,40): warning C4244: 'argument': conversion from 'int' to 'float', possible loss of data
D:\Programming Learn\BoardGame2\BoardGame2\main.cpp(119,35): warning C4244: 'argument': conversion from 'int' to 'float', possible loss of data
D:\Programming Learn\BoardGame2\BoardGame2\main.cpp(128,48): warning C4244: 'argument': conversion from 'int' to 'T', possible loss of data
          with
          [
              T=float
          ]
D:\Programming Learn\BoardGame2\BoardGame2\main.cpp(128,40): warning C4244: 'argument': conversion from 'int' to 'T', possible loss of data
          with
          [
              T=float
          ]
D:\Programming Learn\BoardGame2\BoardGame2\main.cpp(131,47): warning C4244: 'argument': conversion from 'int' to 'float', possible loss of data
D:\Programming Learn\BoardGame2\BoardGame2\main.cpp(131,37): warning C4244: 'argument': conversion from 'int' to 'float', possible loss of data
D:\Programming Learn\BoardGame2\BoardGame2\main.cpp(140,48): warning C4244: 'argument': conversion from 'int' to 'T', possible loss of data
          with
          [
              T=float
          ]
D:\Programming Learn\BoardGame2\BoardGame2\main.cpp(140,40): warning C4244: 'argument': conversion from 'int' to 'T', possible loss of data
          with
          [
              T=float
          ]
D:\Programming Learn\BoardGame2\BoardGame2\main.cpp(143,46): warning C4244: 'argument': conversion from 'int' to 'float', possible loss of data
D:\Programming Learn\BoardGame2\BoardGame2\main.cpp(143,37): warning C4244: 'argument': conversion from 'int' to 'float', possible loss of data
D:\Programming Learn\BoardGame2\BoardGame2\main.cpp(179,19): warning C4244: 'argument': conversion from 'time_t' to 'unsigned int', possible loss of data
D:\Programming Learn\BoardGame2\BoardGame2\main.cpp(184,38): warning C4244: 'argument': conversion from 'int' to 'T', possible loss of data
          with
          [
              T=float
          ]
D:\Programming Learn\BoardGame2\BoardGame2\main.cpp(184,30): warning C4244: 'argument': conversion from 'int' to 'T', possible loss of data
          with
          [
              T=float
          ]
D:\Programming Learn\BoardGame2\BoardGame2\main.cpp(185,32): warning C4244: 'argument': conversion from 'int' to 'T', possible loss of data
          with
          [
              T=float
          ]
D:\Programming Learn\BoardGame2\BoardGame2\main.cpp(185,27): warning C4244: 'argument': conversion from 'int' to 'T', possible loss of data
          with
          [
              T=float
          ]
D:\Programming Learn\BoardGame2\BoardGame2\main.cpp(200,54): warning C4244: 'argument': conversion from 'int' to 'float', possible loss of data
D:\Programming Learn\BoardGame2\BoardGame2\main.cpp(200,45): warning C4244: 'argument': conversion from 'int' to 'float', possible loss of data
D:\Programming Learn\BoardGame2\BoardGame2\main.cpp(205,48): warning C4244: 'argument': conversion from 'int' to 'float', possible loss of data
D:\Programming Learn\BoardGame2\BoardGame2\main.cpp(205,43): warning C4244: 'argument': conversion from 'int' to 'float', possible loss of data
D:\Programming Learn\BoardGame2\BoardGame2\main.cpp(213,48): warning C4244: 'argument': conversion from 'int' to 'float', possible loss of data
D:\Programming Learn\BoardGame2\BoardGame2\main.cpp(213,43): warning C4244: 'argument': conversion from 'int' to 'float', possible loss of data
D:\Programming Learn\BoardGame2\BoardGame2\main.cpp(218,54): warning C4244: 'argument': conversion from 'int' to 'float', possible loss of data
D:\Programming Learn\BoardGame2\BoardGame2\main.cpp(218,45): warning C4244: 'argument': conversion from 'int' to 'float', possible loss of data
D:\Programming Learn\BoardGame2\BoardGame2\main.cpp(230,54): warning C4244: 'argument': conversion from 'int' to 'float', possible loss of data
D:\Programming Learn\BoardGame2\BoardGame2\main.cpp(230,45): warning C4244: 'argument': conversion from 'int' to 'float', possible loss of data
D:\Programming Learn\BoardGame2\BoardGame2\main.cpp(235,48): warning C4244: 'argument': conversion from 'int' to 'float', possible loss of data
D:\Programming Learn\BoardGame2\BoardGame2\main.cpp(235,43): warning C4244: 'argument': conversion from 'int' to 'float', possible loss of data
D:\Programming Learn\BoardGame2\BoardGame2\main.cpp(243,48): warning C4244: 'argument': conversion from 'int' to 'float', possible loss of data
D:\Programming Learn\BoardGame2\BoardGame2\main.cpp(243,43): warning C4244: 'argument': conversion from 'int' to 'float', possible loss of data
D:\Programming Learn\BoardGame2\BoardGame2\main.cpp(248,54): warning C4244: 'argument': conversion from 'int' to 'float', possible loss of data
D:\Programming Learn\BoardGame2\BoardGame2\main.cpp(248,45): warning C4244: 'argument': conversion from 'int' to 'float', possible loss of data
D:\Programming Learn\BoardGame2\BoardGame2\main.cpp(260,54): warning C4244: 'argument': conversion from 'int' to 'float', possible loss of data
D:\Programming Learn\BoardGame2\BoardGame2\main.cpp(260,45): warning C4244: 'argument': conversion from 'int' to 'float', possible loss of data
D:\Programming Learn\BoardGame2\BoardGame2\main.cpp(265,48): warning C4244: 'argument': conversion from 'int' to 'float', possible loss of data
D:\Programming Learn\BoardGame2\BoardGame2\main.cpp(265,43): warning C4244: 'argument': conversion from 'int' to 'float', possible loss of data
D:\Programming Learn\BoardGame2\BoardGame2\main.cpp(273,48): warning C4244: 'argument': conversion from 'int' to 'float', possible loss of data
D:\Programming Learn\BoardGame2\BoardGame2\main.cpp(273,43): warning C4244: 'argument': conversion from 'int' to 'float', possible loss of data
D:\Programming Learn\BoardGame2\BoardGame2\main.cpp(278,54): warning C4244: 'argument': conversion from 'int' to 'float', possible loss of data
D:\Programming Learn\BoardGame2\BoardGame2\main.cpp(278,45): warning C4244: 'argument': conversion from 'int' to 'float', possible loss of data
D:\Programming Learn\BoardGame2\BoardGame2\main.cpp(287,50): warning C4244: 'argument': conversion from 'int' to 'float', possible loss of data
D:\Programming Learn\BoardGame2\BoardGame2\main.cpp(287,41): warning C4244: 'argument': conversion from 'int' to 'float', possible loss of data
D:\Programming Learn\BoardGame2\BoardGame2\main.cpp(292,44): warning C4244: 'argument': conversion from 'int' to 'float', possible loss of data
D:\Programming Learn\BoardGame2\BoardGame2\main.cpp(292,39): warning C4244: 'argument': conversion from 'int' to 'float', possible loss of data
D:\Programming Learn\BoardGame2\BoardGame2\main.cpp(175): warning C4715: 'AI::canMove': not all control paths return a value
D:\Programming Learn\BoardGame2\BoardGame2\main.cpp(99): warning C4715: 'Pawn::canMove': not all control paths return a value
  BoardGame2.vcxproj -> D:\Programming Learn\BoardGame2\BoardGame2\x64\Debug\BoardGame2.exe
